<?xml version="1.0" encoding="UTF-8"?>
<testng-results ignored="0" total="0" passed="0" failed="0" skipped="0">
  <reporter-output>
  </reporter-output>
  <suite started-at="2023-03-25T10:00:58 IST" name="All Test Suite" finished-at="2023-03-25T10:00:58 IST" duration-ms="0">
    <groups>
      <group name="Purchase">
        <method signature="SubmitOrderTest.submitOrderTest(java.util.HashMap,java.lang.String,java.lang.String)[pri:0, instance:tester.tests.testcomponents.SubmitOrderTest@5a5a729f]" name="submitOrderTest" class="tester.tests.testcomponents.SubmitOrderTest"/>
      </group> <!-- Purchase -->
      <group name="errorTest">
        <method signature="ErrorValidationsTest.loginErrorTest()[pri:0, instance:tester.tests.testcomponents.ErrorValidationsTest@6be968ce]" name="loginErrorTest" class="tester.tests.testcomponents.ErrorValidationsTest"/>
      </group> <!-- errorTest -->
    </groups>
  </suite> <!-- All Test Suite -->
</testng-results>
